[2026-04-22T22:08:21Z] === ENRICH ITERATION 1 START | repo=socketry/async sha=886d62ca ===
[2026-04-22T22:08:21Z] [iter=1] PHASE START: enrich repo=socketry/async sha=886d62ca runlog=/home/runner/work/forx/forx/storage/aggregate/lsp/logs/886d62ca-enrich-iter-001.log output=/home/runner/work/forx/forx/storage/aggregate/lsp/886d62cafe3d49c8b96111a3bce666ab3c5f17bc.nq.gz
[2026-04-22T22:08:21Z] [iter=1] Step 1: Loading AST into disk-backed store mem_mb=77 MB
[2026-04-22T22:08:24Z] [iter=1] AST store loaded triples=336063 load_secs=2 mem_mb=540 MB
[2026-04-22T22:08:24Z] [iter=1] Step 2: Finding LSP targets mem_mb=540 MB
[2026-04-22T22:08:25Z] [iter=1] LSP targets found call_sites=7047 imports=0 extends=0 implements=0 secs=1
[2026-04-22T22:08:25Z] [iter=1] Step 2.7: Building position index (one-shot, shared across resolvers) mem_mb=540 MB
[2026-04-22T22:08:27Z] [iter=1] Position index built positions=21126 nodes_with_types=28290 secs=2 mem_mb=540 MB
[2026-04-22T22:08:27Z] [iter=1] Step 3: Starting LSP resolution mem_mb=540 MB already_completed_types=[] already_completed_files=0
[2026-04-22T22:08:27Z] [iter=1] Resolving target type target_type=call_site count=7047
[2026-04-22T22:09:17Z] [iter=1] HEARTBEAT target_type=call_site elapsed_min=0.9 files_done=1 resolved=31 errors=240 current=test/async/priority_queue.rb
[2026-04-22T22:09:54Z] [iter=1] HEARTBEAT target_type=call_site elapsed_min=1.5 files_done=6 resolved=99 errors=428 current=test/async/scheduler/timeout.rb
[2026-04-22T22:10:26Z] [iter=1] HEARTBEAT target_type=call_site elapsed_min=2.1 files_done=17 resolved=217 errors=638 current=bake.rb
[2026-04-22T22:10:59Z] [iter=1] HEARTBEAT target_type=call_site elapsed_min=2.6 files_done=27 resolved=332 errors=857 current=lib/async/semaphore.rb
[2026-04-22T22:11:29Z] [iter=1] HEARTBEAT target_type=call_site elapsed_min=3.1 files_done=36 resolved=440 errors=1067 current=examples/bugs/write_lock.rb
[2026-04-22T22:12:00Z] [iter=1] HEARTBEAT target_type=call_site elapsed_min=3.6 files_done=46 resolved=532 errors=1278 current=test/traces/provider/async/task.rb
[2026-04-22T22:12:33Z] [iter=1] HEARTBEAT target_type=call_site elapsed_min=4.2 files_done=55 resolved=627 errors=1513 current=async.gemspec
[2026-04-22T22:13:04Z] [iter=1] HEARTBEAT target_type=call_site elapsed_min=4.7 files_done=84 resolved=766 errors=1717 current=lib/async/variable.rb
[2026-04-22T22:13:23Z] [iter=1] Target type resolved target_type=call_site resolved=899 errors=1826 secs=296 mem_mb=540 MB
[2026-04-22T22:13:29Z] [iter=1] Step 5: Writing final enrichment file triples=26078
[2026-04-22T22:13:29Z] [iter=1] Enrichment file written path=/home/runner/work/forx/forx/storage/aggregate/lsp/886d62cafe3d49c8b96111a3bce666ab3c5f17bc.nq.gz size_kb=420
[2026-04-22T22:13:29Z] [iter=1] PHASE END: enrich elapsed_s=308 elapsed_min=5.1 total_triples=26078
